<?xml version="1.0" encoding="UTF-8"?>
<coverage generated="1643411928975" clover="3.2.0">
  <project timestamp="1643411928975" name="All files">
    <metrics statements="41" coveredstatements="34" conditionals="4" coveredconditionals="3" methods="13" coveredmethods="8" elements="58" coveredelements="45" complexity="0" loc="41" ncloc="41" packages="1" files="1" classes="1"/>
    <file name="ListaDeUsuarios.jsx" path="/home/rafaelborges/Documentos/Code/bootcampTrabalho/exerciseUx/src/ListaDeUsuarios.jsx">
      <metrics statements="41" coveredstatements="34" conditionals="4" coveredconditionals="3" methods="13" coveredmethods="8"/>
      <line num="7" count="1" type="stmt"/>
      <line num="8" count="15" type="stmt"/>
      <line num="9" count="14" type="stmt"/>
      <line num="10" count="4" type="stmt"/>
      <line num="12" count="0" type="stmt"/>
      <line num="16" count="14" type="stmt"/>
      <line num="32" count="14" type="stmt"/>
      <line num="33" count="0" type="stmt"/>
      <line num="37" count="14" type="stmt"/>
      <line num="38" count="14" type="stmt"/>
      <line num="39" count="14" type="stmt"/>
      <line num="40" count="14" type="stmt"/>
      <line num="41" count="14" type="stmt"/>
      <line num="42" count="14" type="stmt"/>
      <line num="43" count="14" type="stmt"/>
      <line num="46" count="14" type="stmt"/>
      <line num="47" count="0" type="stmt"/>
      <line num="48" count="0" type="stmt"/>
      <line num="51" count="14" type="stmt"/>
      <line num="52" count="1" type="stmt"/>
      <line num="53" count="1" type="stmt"/>
      <line num="58" count="14" type="stmt"/>
      <line num="59" count="6" type="cond" truecount="2" falsecount="0"/>
      <line num="60" count="4" type="stmt"/>
      <line num="63" count="2" type="cond" truecount="1" falsecount="1"/>
      <line num="64" count="2" type="stmt"/>
      <line num="66" count="0" type="stmt"/>
      <line num="68" count="2" type="stmt"/>
      <line num="69" count="2" type="stmt"/>
      <line num="70" count="2" type="stmt"/>
      <line num="71" count="2" type="stmt"/>
      <line num="76" count="14" type="stmt"/>
      <line num="77" count="1" type="stmt"/>
      <line num="81" count="14" type="stmt"/>
      <line num="82" count="2" type="stmt"/>
      <line num="83" count="2" type="stmt"/>
      <line num="87" count="14" type="stmt"/>
      <line num="96" count="0" type="stmt"/>
      <line num="103" count="0" type="stmt"/>
      <line num="121" count="6" type="stmt"/>
      <line num="129" count="1" type="stmt"/>
    </file>
  </project>
</coverage>
