{"/home/rafaelborges/Documentos/Code/bootcampTrabalho/exerciseUx/src/ListaDeUsuarios.jsx": {"path":"/home/rafaelborges/Documentos/Code/bootcampTrabalho/exerciseUx/src/ListaDeUsuarios.jsx","statementMap":{"0":{"start":{"line":7,"column":31},"end":{"line":133,"column":1}},"1":{"start":{"line":8,"column":30},"end":{"line":8,"column":42}},"2":{"start":{"line":9,"column":4},"end":{"line":13,"column":10}},"3":{"start":{"line":10,"column":8},"end":{"line":12,"column":56}},"4":{"start":{"line":12,"column":31},"end":{"line":12,"column":54}},"5":{"start":{"line":16,"column":14},"end":{"line":29,"column":1}},"6":{"start":{"line":32,"column":24},"end":{"line":34,"column":1}},"7":{"start":{"line":33,"column":4},"end":{"line":33,"column":39}},"8":{"start":{"line":37,"column":44},"end":{"line":37,"column":60}},"9":{"start":{"line":38,"column":40},"end":{"line":38,"column":52}},"10":{"start":{"line":39,"column":36},"end":{"line":39,"column":52}},"11":{"start":{"line":40,"column":46},"end":{"line":40,"column":58}},"12":{"start":{"line":41,"column":38},"end":{"line":41,"column":51}},"13":{"start":{"line":42,"column":42},"end":{"line":42,"column":54}},"14":{"start":{"line":43,"column":40},"end":{"line":43,"column":56}},"15":{"start":{"line":46,"column":24},"end":{"line":49,"column":1}},"16":{"start":{"line":47,"column":4},"end":{"line":47,"column":29}},"17":{"start":{"line":48,"column":4},"end":{"line":48,"column":25}},"18":{"start":{"line":51,"column":25},"end":{"line":54,"column":1}},"19":{"start":{"line":52,"column":4},"end":{"line":52,"column":29}},"20":{"start":{"line":53,"column":4},"end":{"line":53,"column":23}},"21":{"start":{"line":58,"column":24},"end":{"line":73,"column":1}},"22":{"start":{"line":59,"column":4},"end":{"line":72,"column":5}},"23":{"start":{"line":60,"column":8},"end":{"line":60,"column":32}},"24":{"start":{"line":63,"column":8},"end":{"line":67,"column":9}},"25":{"start":{"line":64,"column":12},"end":{"line":64,"column":35}},"26":{"start":{"line":66,"column":12},"end":{"line":66,"column":38}},"27":{"start":{"line":68,"column":8},"end":{"line":68,"column":34}},"28":{"start":{"line":69,"column":8},"end":{"line":69,"column":30}},"29":{"start":{"line":70,"column":8},"end":{"line":70,"column":29}},"30":{"start":{"line":71,"column":8},"end":{"line":71,"column":32}},"31":{"start":{"line":76,"column":20},"end":{"line":78,"column":1}},"32":{"start":{"line":77,"column":4},"end":{"line":77,"column":26}},"33":{"start":{"line":81,"column":19},"end":{"line":84,"column":1}},"34":{"start":{"line":82,"column":4},"end":{"line":82,"column":41}},"35":{"start":{"line":83,"column":4},"end":{"line":83,"column":28}},"36":{"start":{"line":87,"column":4},"end":{"line":132,"column":5}},"37":{"start":{"line":96,"column":16},"end":{"line":105,"column":22}},"38":{"start":{"line":103,"column":46},"end":{"line":103,"column":72}},"39":{"start":{"line":121,"column":38},"end":{"line":121,"column":56}},"40":{"start":{"line":129,"column":38},"end":{"line":129,"column":51}}},"fnMap":{"0":{"name":"(anonymous_0)","decl":{"start":{"line":7,"column":31},"end":{"line":7,"column":32}},"loc":{"start":{"line":7,"column":37},"end":{"line":133,"column":1}},"line":7},"1":{"name":"(anonymous_1)","decl":{"start":{"line":9,"column":14},"end":{"line":9,"column":15}},"loc":{"start":{"line":9,"column":20},"end":{"line":13,"column":5}},"line":9},"2":{"name":"(anonymous_2)","decl":{"start":{"line":12,"column":16},"end":{"line":12,"column":17}},"loc":{"start":{"line":12,"column":30},"end":{"line":12,"column":55}},"line":12},"3":{"name":"(anonymous_3)","decl":{"start":{"line":32,"column":24},"end":{"line":32,"column":25}},"loc":{"start":{"line":32,"column":35},"end":{"line":34,"column":1}},"line":32},"4":{"name":"(anonymous_4)","decl":{"start":{"line":46,"column":24},"end":{"line":46,"column":25}},"loc":{"start":{"line":46,"column":34},"end":{"line":49,"column":1}},"line":46},"5":{"name":"(anonymous_5)","decl":{"start":{"line":51,"column":25},"end":{"line":51,"column":26}},"loc":{"start":{"line":51,"column":31},"end":{"line":54,"column":1}},"line":51},"6":{"name":"(anonymous_6)","decl":{"start":{"line":58,"column":24},"end":{"line":58,"column":25}},"loc":{"start":{"line":58,"column":30},"end":{"line":73,"column":1}},"line":58},"7":{"name":"(anonymous_7)","decl":{"start":{"line":76,"column":20},"end":{"line":76,"column":21}},"loc":{"start":{"line":76,"column":26},"end":{"line":78,"column":1}},"line":76},"8":{"name":"(anonymous_8)","decl":{"start":{"line":81,"column":19},"end":{"line":81,"column":20}},"loc":{"start":{"line":81,"column":30},"end":{"line":84,"column":1}},"line":81},"9":{"name":"(anonymous_9)","decl":{"start":{"line":95,"column":23},"end":{"line":95,"column":24}},"loc":{"start":{"line":96,"column":16},"end":{"line":105,"column":22}},"line":96},"10":{"name":"(anonymous_10)","decl":{"start":{"line":103,"column":41},"end":{"line":103,"column":42}},"loc":{"start":{"line":103,"column":45},"end":{"line":103,"column":73}},"line":103},"11":{"name":"(anonymous_11)","decl":{"start":{"line":121,"column":33},"end":{"line":121,"column":34}},"loc":{"start":{"line":121,"column":37},"end":{"line":121,"column":57}},"line":121},"12":{"name":"(anonymous_12)","decl":{"start":{"line":129,"column":33},"end":{"line":129,"column":34}},"loc":{"start":{"line":129,"column":37},"end":{"line":129,"column":52}},"line":129}},"branchMap":{"0":{"loc":{"start":{"line":59,"column":4},"end":{"line":72,"column":5}},"type":"if","locations":[{"start":{"line":59,"column":4},"end":{"line":72,"column":5}},{"start":{"line":59,"column":4},"end":{"line":72,"column":5}}],"line":59},"1":{"loc":{"start":{"line":63,"column":8},"end":{"line":67,"column":9}},"type":"if","locations":[{"start":{"line":63,"column":8},"end":{"line":67,"column":9}},{"start":{"line":63,"column":8},"end":{"line":67,"column":9}}],"line":63}},"s":{"0":1,"1":6,"2":5,"3":2,"4":0,"5":5,"6":5,"7":0,"8":5,"9":5,"10":5,"11":5,"12":5,"13":5,"14":5,"15":5,"16":0,"17":0,"18":5,"19":1,"20":1,"21":5,"22":2,"23":2,"24":0,"25":0,"26":0,"27":0,"28":0,"29":0,"30":0,"31":5,"32":0,"33":5,"34":0,"35":0,"36":5,"37":0,"38":0,"39":2,"40":0},"f":{"0":6,"1":2,"2":0,"3":0,"4":0,"5":1,"6":2,"7":0,"8":0,"9":0,"10":0,"11":2,"12":0},"b":{"0":[2,0],"1":[0,0]},"_coverageSchema":"43e27e138ebf9cfc5966b082cf9a028302ed4184","hash":"728eb42dc6f5d2d065dd3203da95f541a012f073"}
}
