TN:
SF:/home/rafaelborges/Documentos/Code/bootcampTrabalho/exerciseUx/src/ListaDeUsuarios.jsx
FN:7,(anonymous_0)
FN:9,(anonymous_1)
FN:12,(anonymous_2)
FN:32,(anonymous_3)
FN:46,(anonymous_4)
FN:51,(anonymous_5)
FN:58,(anonymous_6)
FN:76,(anonymous_7)
FN:81,(anonymous_8)
FN:95,(anonymous_9)
FN:103,(anonymous_10)
FN:121,(anonymous_11)
FN:129,(anonymous_12)
FNF:13
FNH:8
FNDA:15,(anonymous_0)
FNDA:4,(anonymous_1)
FNDA:0,(anonymous_2)
FNDA:0,(anonymous_3)
FNDA:0,(anonymous_4)
FNDA:1,(anonymous_5)
FNDA:6,(anonymous_6)
FNDA:1,(anonymous_7)
FNDA:2,(anonymous_8)
FNDA:0,(anonymous_9)
FNDA:0,(anonymous_10)
FNDA:6,(anonymous_11)
FNDA:1,(anonymous_12)
DA:7,1
DA:8,15
DA:9,14
DA:10,4
DA:12,0
DA:16,14
DA:32,14
DA:33,0
DA:37,14
DA:38,14
DA:39,14
DA:40,14
DA:41,14
DA:42,14
DA:43,14
DA:46,14
DA:47,0
DA:48,0
DA:51,14
DA:52,1
DA:53,1
DA:58,14
DA:59,6
DA:60,4
DA:63,2
DA:64,2
DA:66,0
DA:68,2
DA:69,2
DA:70,2
DA:71,2
DA:76,14
DA:77,1
DA:81,14
DA:82,2
DA:83,2
DA:87,14
DA:96,0
DA:103,0
DA:121,6
DA:129,1
LF:41
LH:34
BRDA:59,0,0,4
BRDA:59,0,1,2
BRDA:63,1,0,2
BRDA:63,1,1,0
BRF:4
BRH:3
end_of_record
