TN:
SF:/home/rafaelborges/Documentos/Code/bootcampTrabalho/exerciseUx/src/ListaDeUsuarios.jsx
FN:7,(anonymous_0)
FN:9,(anonymous_1)
FN:12,(anonymous_2)
FN:32,(anonymous_3)
FN:46,(anonymous_4)
FN:51,(anonymous_5)
FN:58,(anonymous_6)
FN:76,(anonymous_7)
FN:81,(anonymous_8)
FN:95,(anonymous_9)
FN:103,(anonymous_10)
FN:121,(anonymous_11)
FN:129,(anonymous_12)
FNF:13
FNH:5
FNDA:4,(anonymous_0)
FNDA:1,(anonymous_1)
FNDA:0,(anonymous_2)
FNDA:0,(anonymous_3)
FNDA:0,(anonymous_4)
FNDA:1,(anonymous_5)
FNDA:1,(anonymous_6)
FNDA:0,(anonymous_7)
FNDA:0,(anonymous_8)
FNDA:0,(anonymous_9)
FNDA:0,(anonymous_10)
FNDA:1,(anonymous_11)
FNDA:0,(anonymous_12)
DA:7,1
DA:8,4
DA:9,3
DA:10,1
DA:12,0
DA:16,3
DA:32,3
DA:33,0
DA:37,3
DA:38,3
DA:39,3
DA:40,3
DA:41,3
DA:42,3
DA:43,3
DA:46,3
DA:47,0
DA:48,0
DA:51,3
DA:52,1
DA:53,1
DA:58,3
DA:59,1
DA:60,1
DA:63,0
DA:64,0
DA:66,0
DA:68,0
DA:69,0
DA:70,0
DA:71,0
DA:76,3
DA:77,0
DA:81,3
DA:82,0
DA:83,0
DA:87,3
DA:96,0
DA:103,0
DA:121,1
DA:129,0
LF:41
LH:24
BRDA:59,0,0,1
BRDA:59,0,1,0
BRDA:63,1,0,0
BRDA:63,1,1,0
BRF:4
BRH:1
end_of_record
